

Microchip Technology PIC LITE Macro Assembler V1.44 build -154322312 
                                                                                               Tue Nov 28 21:42:01 2017

Microchip Technology Omniscient Code Generator v1.44 (Free mode) build 201709140600
     1                           	processor	16F1937
     2                           	opt	pw 120
     3                           	opt	lm
     4                           	psect	cinit,global,class=CODE,merge=1,delta=2
     5                           	psect	cstackCOMMON,global,class=COMMON,space=1,delta=1
     6                           	psect	maintext,global,class=CODE,merge=1,split=1,delta=2
     7                           	psect	text1,local,class=CODE,merge=1,delta=2
     8                           	psect	text2,local,class=CODE,merge=1,delta=2
     9                           	psect	text3,local,class=CODE,merge=1,delta=2
    10                           	psect	text4,local,class=CODE,merge=1,delta=2
    11                           	dabs	1,0x7E,2
    12  0000                     
    13                           ; Version 1.44
    14                           ; Generated 14/09/2017 GMT
    15                           ; 
    16                           ; Copyright © 2017, Microchip Technology Inc. and its subsidiaries ("Microchip")
    17                           ; All rights reserved.
    18                           ; 
    19                           ; This software is developed by Microchip Technology Inc. and its subsidiaries ("Microch
      +                          ip").
    20                           ; 
    21                           ; Redistribution and use in source and binary forms, with or without modification, are
    22                           ; permitted provided that the following conditions are met:
    23                           ; 
    24                           ;     1. Redistributions of source code must retain the above copyright notice, this lis
      +                          t of
    25                           ;        conditions and the following disclaimer.
    26                           ; 
    27                           ;     2. Redistributions in binary form must reproduce the above copyright notice, this 
      +                          list
    28                           ;        of conditions and the following disclaimer in the documentation and/or other
    29                           ;        materials provided with the distribution.
    30                           ; 
    31                           ;     3. Microchip's name may not be used to endorse or promote products derived from th
      +                          is
    32                           ;        software without specific prior written permission.
    33                           ; 
    34                           ; THIS SOFTWARE IS PROVIDED BY MICROCHIP "AS IS" AND ANY EXPRESS OR IMPLIED WARRANTIES,
    35                           ; INCLUDING, BUT NOT LIMITED TO, THE IMPLIED WARRANTIES OF MERCHANTABILITY AND FITNESS F
      +                          OR
    36                           ; PURPOSE ARE DISCLAIMED.  IN NO EVENT SHALL MICROCHIP BE LIABLE FOR ANY DIRECT, INDIREC
      +                          T,
    37                           ; INCIDENTAL, SPECIAL, EXEMPLARY, OR CONSEQUENTIAL DAMAGES (INCLUDING BUT NOT LIMITED TO
    38                           ; PROCUREMENT OF SUBSTITUTE GOODS OR SERVICES; LOSS OF USE, DATA OR PROFITS; OR BUSINESS
    39                           ; INTERRUPTION) HOWSOEVER CAUSED AND ON ANY THEORY OF LIABILITY, WHETHER IN CONTRACT, ST
      +                          RICT
    40                           ; LIABILITY, OR TORT (INCLUDING NEGLIGENCE OR OTHERWISE) ARISING IN ANY WAY OUT OF THE U
      +                          SE OF
    41                           ; THIS SOFTWARE, EVEN IF ADVISED OF THE POSSIBILITY OF SUCH DAMAGE.
    42                           ; 
    43                           ; 
    44                           ; Code-generator required, PIC16F1937 Definitions
    45                           ; 
    46                           ; SFR Addresses
    47  0000                     	;# 
    48  0001                     	;# 
    49  0002                     	;# 
    50  0003                     	;# 
    51  0004                     	;# 
    52  0005                     	;# 
    53  0006                     	;# 
    54  0007                     	;# 
    55  0008                     	;# 
    56  0009                     	;# 
    57  000A                     	;# 
    58  000B                     	;# 
    59  000C                     	;# 
    60  000D                     	;# 
    61  000E                     	;# 
    62  000F                     	;# 
    63  0010                     	;# 
    64  0011                     	;# 
    65  0012                     	;# 
    66  0013                     	;# 
    67  0015                     	;# 
    68  0016                     	;# 
    69  0016                     	;# 
    70  0017                     	;# 
    71  0018                     	;# 
    72  0019                     	;# 
    73  001A                     	;# 
    74  001B                     	;# 
    75  001C                     	;# 
    76  001E                     	;# 
    77  001F                     	;# 
    78  008C                     	;# 
    79  008D                     	;# 
    80  008E                     	;# 
    81  008F                     	;# 
    82  0090                     	;# 
    83  0091                     	;# 
    84  0092                     	;# 
    85  0093                     	;# 
    86  0095                     	;# 
    87  0096                     	;# 
    88  0097                     	;# 
    89  0098                     	;# 
    90  0099                     	;# 
    91  009A                     	;# 
    92  009B                     	;# 
    93  009B                     	;# 
    94  009C                     	;# 
    95  009D                     	;# 
    96  009E                     	;# 
    97  010C                     	;# 
    98  010D                     	;# 
    99  010E                     	;# 
   100  010F                     	;# 
   101  0110                     	;# 
   102  0111                     	;# 
   103  0112                     	;# 
   104  0113                     	;# 
   105  0114                     	;# 
   106  0115                     	;# 
   107  0116                     	;# 
   108  0117                     	;# 
   109  0118                     	;# 
   110  0119                     	;# 
   111  011A                     	;# 
   112  011B                     	;# 
   113  011D                     	;# 
   114  018C                     	;# 
   115  018D                     	;# 
   116  018F                     	;# 
   117  0190                     	;# 
   118  0191                     	;# 
   119  0191                     	;# 
   120  0192                     	;# 
   121  0193                     	;# 
   122  0193                     	;# 
   123  0193                     	;# 
   124  0194                     	;# 
   125  0195                     	;# 
   126  0196                     	;# 
   127  0199                     	;# 
   128  019A                     	;# 
   129  019B                     	;# 
   130  019B                     	;# 
   131  019B                     	;# 
   132  019B                     	;# 
   133  019C                     	;# 
   134  019C                     	;# 
   135  019D                     	;# 
   136  019E                     	;# 
   137  019F                     	;# 
   138  020D                     	;# 
   139  0210                     	;# 
   140  0211                     	;# 
   141  0212                     	;# 
   142  0213                     	;# 
   143  0214                     	;# 
   144  0215                     	;# 
   145  0215                     	;# 
   146  0216                     	;# 
   147  0217                     	;# 
   148  0291                     	;# 
   149  0291                     	;# 
   150  0292                     	;# 
   151  0293                     	;# 
   152  0294                     	;# 
   153  0295                     	;# 
   154  0295                     	;# 
   155  0296                     	;# 
   156  0298                     	;# 
   157  0298                     	;# 
   158  0299                     	;# 
   159  029A                     	;# 
   160  029B                     	;# 
   161  029C                     	;# 
   162  029C                     	;# 
   163  029D                     	;# 
   164  029E                     	;# 
   165  029F                     	;# 
   166  0311                     	;# 
   167  0311                     	;# 
   168  0312                     	;# 
   169  0313                     	;# 
   170  0314                     	;# 
   171  0315                     	;# 
   172  0315                     	;# 
   173  0316                     	;# 
   174  0318                     	;# 
   175  0318                     	;# 
   176  0319                     	;# 
   177  031A                     	;# 
   178  031C                     	;# 
   179  031C                     	;# 
   180  031D                     	;# 
   181  031E                     	;# 
   182  0394                     	;# 
   183  0395                     	;# 
   184  0396                     	;# 
   185  0415                     	;# 
   186  0416                     	;# 
   187  0417                     	;# 
   188  041C                     	;# 
   189  041D                     	;# 
   190  041E                     	;# 
   191  0791                     	;# 
   192  0792                     	;# 
   193  0793                     	;# 
   194  0794                     	;# 
   195  0795                     	;# 
   196  0798                     	;# 
   197  0799                     	;# 
   198  079A                     	;# 
   199  07A0                     	;# 
   200  07A1                     	;# 
   201  07A2                     	;# 
   202  07A3                     	;# 
   203  07A4                     	;# 
   204  07A5                     	;# 
   205  07A6                     	;# 
   206  07A7                     	;# 
   207  07A8                     	;# 
   208  07A9                     	;# 
   209  07AA                     	;# 
   210  07AB                     	;# 
   211  0FE4                     	;# 
   212  0FE5                     	;# 
   213  0FE6                     	;# 
   214  0FE7                     	;# 
   215  0FE8                     	;# 
   216  0FE9                     	;# 
   217  0FEA                     	;# 
   218  0FEB                     	;# 
   219  0FED                     	;# 
   220  0FEE                     	;# 
   221  0FEF                     	;# 
   222  0000                     	;# 
   223  0001                     	;# 
   224  0002                     	;# 
   225  0003                     	;# 
   226  0004                     	;# 
   227  0005                     	;# 
   228  0006                     	;# 
   229  0007                     	;# 
   230  0008                     	;# 
   231  0009                     	;# 
   232  000A                     	;# 
   233  000B                     	;# 
   234  000C                     	;# 
   235  000D                     	;# 
   236  000E                     	;# 
   237  000F                     	;# 
   238  0010                     	;# 
   239  0011                     	;# 
   240  0012                     	;# 
   241  0013                     	;# 
   242  0015                     	;# 
   243  0016                     	;# 
   244  0016                     	;# 
   245  0017                     	;# 
   246  0018                     	;# 
   247  0019                     	;# 
   248  001A                     	;# 
   249  001B                     	;# 
   250  001C                     	;# 
   251  001E                     	;# 
   252  001F                     	;# 
   253  008C                     	;# 
   254  008D                     	;# 
   255  008E                     	;# 
   256  008F                     	;# 
   257  0090                     	;# 
   258  0091                     	;# 
   259  0092                     	;# 
   260  0093                     	;# 
   261  0095                     	;# 
   262  0096                     	;# 
   263  0097                     	;# 
   264  0098                     	;# 
   265  0099                     	;# 
   266  009A                     	;# 
   267  009B                     	;# 
   268  009B                     	;# 
   269  009C                     	;# 
   270  009D                     	;# 
   271  009E                     	;# 
   272  010C                     	;# 
   273  010D                     	;# 
   274  010E                     	;# 
   275  010F                     	;# 
   276  0110                     	;# 
   277  0111                     	;# 
   278  0112                     	;# 
   279  0113                     	;# 
   280  0114                     	;# 
   281  0115                     	;# 
   282  0116                     	;# 
   283  0117                     	;# 
   284  0118                     	;# 
   285  0119                     	;# 
   286  011A                     	;# 
   287  011B                     	;# 
   288  011D                     	;# 
   289  018C                     	;# 
   290  018D                     	;# 
   291  018F                     	;# 
   292  0190                     	;# 
   293  0191                     	;# 
   294  0191                     	;# 
   295  0192                     	;# 
   296  0193                     	;# 
   297  0193                     	;# 
   298  0193                     	;# 
   299  0194                     	;# 
   300  0195                     	;# 
   301  0196                     	;# 
   302  0199                     	;# 
   303  019A                     	;# 
   304  019B                     	;# 
   305  019B                     	;# 
   306  019B                     	;# 
   307  019B                     	;# 
   308  019C                     	;# 
   309  019C                     	;# 
   310  019D                     	;# 
   311  019E                     	;# 
   312  019F                     	;# 
   313  020D                     	;# 
   314  0210                     	;# 
   315  0211                     	;# 
   316  0212                     	;# 
   317  0213                     	;# 
   318  0214                     	;# 
   319  0215                     	;# 
   320  0215                     	;# 
   321  0216                     	;# 
   322  0217                     	;# 
   323  0291                     	;# 
   324  0291                     	;# 
   325  0292                     	;# 
   326  0293                     	;# 
   327  0294                     	;# 
   328  0295                     	;# 
   329  0295                     	;# 
   330  0296                     	;# 
   331  0298                     	;# 
   332  0298                     	;# 
   333  0299                     	;# 
   334  029A                     	;# 
   335  029B                     	;# 
   336  029C                     	;# 
   337  029C                     	;# 
   338  029D                     	;# 
   339  029E                     	;# 
   340  029F                     	;# 
   341  0311                     	;# 
   342  0311                     	;# 
   343  0312                     	;# 
   344  0313                     	;# 
   345  0314                     	;# 
   346  0315                     	;# 
   347  0315                     	;# 
   348  0316                     	;# 
   349  0318                     	;# 
   350  0318                     	;# 
   351  0319                     	;# 
   352  031A                     	;# 
   353  031C                     	;# 
   354  031C                     	;# 
   355  031D                     	;# 
   356  031E                     	;# 
   357  0394                     	;# 
   358  0395                     	;# 
   359  0396                     	;# 
   360  0415                     	;# 
   361  0416                     	;# 
   362  0417                     	;# 
   363  041C                     	;# 
   364  041D                     	;# 
   365  041E                     	;# 
   366  0791                     	;# 
   367  0792                     	;# 
   368  0793                     	;# 
   369  0794                     	;# 
   370  0795                     	;# 
   371  0798                     	;# 
   372  0799                     	;# 
   373  079A                     	;# 
   374  07A0                     	;# 
   375  07A1                     	;# 
   376  07A2                     	;# 
   377  07A3                     	;# 
   378  07A4                     	;# 
   379  07A5                     	;# 
   380  07A6                     	;# 
   381  07A7                     	;# 
   382  07A8                     	;# 
   383  07A9                     	;# 
   384  07AA                     	;# 
   385  07AB                     	;# 
   386  0FE4                     	;# 
   387  0FE5                     	;# 
   388  0FE6                     	;# 
   389  0FE7                     	;# 
   390  0FE8                     	;# 
   391  0FE9                     	;# 
   392  0FEA                     	;# 
   393  0FEB                     	;# 
   394  0FED                     	;# 
   395  0FEE                     	;# 
   396  0FEF                     	;# 
   397  0000                     	;# 
   398  0001                     	;# 
   399  0002                     	;# 
   400  0003                     	;# 
   401  0004                     	;# 
   402  0005                     	;# 
   403  0006                     	;# 
   404  0007                     	;# 
   405  0008                     	;# 
   406  0009                     	;# 
   407  000A                     	;# 
   408  000B                     	;# 
   409  000C                     	;# 
   410  000D                     	;# 
   411  000E                     	;# 
   412  000F                     	;# 
   413  0010                     	;# 
   414  0011                     	;# 
   415  0012                     	;# 
   416  0013                     	;# 
   417  0015                     	;# 
   418  0016                     	;# 
   419  0016                     	;# 
   420  0017                     	;# 
   421  0018                     	;# 
   422  0019                     	;# 
   423  001A                     	;# 
   424  001B                     	;# 
   425  001C                     	;# 
   426  001E                     	;# 
   427  001F                     	;# 
   428  008C                     	;# 
   429  008D                     	;# 
   430  008E                     	;# 
   431  008F                     	;# 
   432  0090                     	;# 
   433  0091                     	;# 
   434  0092                     	;# 
   435  0093                     	;# 
   436  0095                     	;# 
   437  0096                     	;# 
   438  0097                     	;# 
   439  0098                     	;# 
   440  0099                     	;# 
   441  009A                     	;# 
   442  009B                     	;# 
   443  009B                     	;# 
   444  009C                     	;# 
   445  009D                     	;# 
   446  009E                     	;# 
   447  010C                     	;# 
   448  010D                     	;# 
   449  010E                     	;# 
   450  010F                     	;# 
   451  0110                     	;# 
   452  0111                     	;# 
   453  0112                     	;# 
   454  0113                     	;# 
   455  0114                     	;# 
   456  0115                     	;# 
   457  0116                     	;# 
   458  0117                     	;# 
   459  0118                     	;# 
   460  0119                     	;# 
   461  011A                     	;# 
   462  011B                     	;# 
   463  011D                     	;# 
   464  018C                     	;# 
   465  018D                     	;# 
   466  018F                     	;# 
   467  0190                     	;# 
   468  0191                     	;# 
   469  0191                     	;# 
   470  0192                     	;# 
   471  0193                     	;# 
   472  0193                     	;# 
   473  0193                     	;# 
   474  0194                     	;# 
   475  0195                     	;# 
   476  0196                     	;# 
   477  0199                     	;# 
   478  019A                     	;# 
   479  019B                     	;# 
   480  019B                     	;# 
   481  019B                     	;# 
   482  019B                     	;# 
   483  019C                     	;# 
   484  019C                     	;# 
   485  019D                     	;# 
   486  019E                     	;# 
   487  019F                     	;# 
   488  020D                     	;# 
   489  0210                     	;# 
   490  0211                     	;# 
   491  0212                     	;# 
   492  0213                     	;# 
   493  0214                     	;# 
   494  0215                     	;# 
   495  0215                     	;# 
   496  0216                     	;# 
   497  0217                     	;# 
   498  0291                     	;# 
   499  0291                     	;# 
   500  0292                     	;# 
   501  0293                     	;# 
   502  0294                     	;# 
   503  0295                     	;# 
   504  0295                     	;# 
   505  0296                     	;# 
   506  0298                     	;# 
   507  0298                     	;# 
   508  0299                     	;# 
   509  029A                     	;# 
   510  029B                     	;# 
   511  029C                     	;# 
   512  029C                     	;# 
   513  029D                     	;# 
   514  029E                     	;# 
   515  029F                     	;# 
   516  0311                     	;# 
   517  0311                     	;# 
   518  0312                     	;# 
   519  0313                     	;# 
   520  0314                     	;# 
   521  0315                     	;# 
   522  0315                     	;# 
   523  0316                     	;# 
   524  0318                     	;# 
   525  0318                     	;# 
   526  0319                     	;# 
   527  031A                     	;# 
   528  031C                     	;# 
   529  031C                     	;# 
   530  031D                     	;# 
   531  031E                     	;# 
   532  0394                     	;# 
   533  0395                     	;# 
   534  0396                     	;# 
   535  0415                     	;# 
   536  0416                     	;# 
   537  0417                     	;# 
   538  041C                     	;# 
   539  041D                     	;# 
   540  041E                     	;# 
   541  0791                     	;# 
   542  0792                     	;# 
   543  0793                     	;# 
   544  0794                     	;# 
   545  0795                     	;# 
   546  0798                     	;# 
   547  0799                     	;# 
   548  079A                     	;# 
   549  07A0                     	;# 
   550  07A1                     	;# 
   551  07A2                     	;# 
   552  07A3                     	;# 
   553  07A4                     	;# 
   554  07A5                     	;# 
   555  07A6                     	;# 
   556  07A7                     	;# 
   557  07A8                     	;# 
   558  07A9                     	;# 
   559  07AA                     	;# 
   560  07AB                     	;# 
   561  0FE4                     	;# 
   562  0FE5                     	;# 
   563  0FE6                     	;# 
   564  0FE7                     	;# 
   565  0FE8                     	;# 
   566  0FE9                     	;# 
   567  0FEA                     	;# 
   568  0FEB                     	;# 
   569  0FED                     	;# 
   570  0FEE                     	;# 
   571  0FEF                     	;# 
   572  0097                     _WDTCON	set	151
   573  0098                     _OSCTUNE	set	152
   574  0099                     _OSCCON	set	153
   575  0095                     _OPTION_REGbits	set	149
   576  008F                     _TRISD	set	143
   577  008E                     _TRISC	set	142
   578  008D                     _TRISB	set	141
   579  008C                     _TRISA	set	140
   580  0090                     _TRISE	set	144
   581  011D                     _APFCON	set	285
   582  010E                     _LATC	set	270
   583  010D                     _LATB	set	269
   584  010C                     _LATA	set	268
   585  010F                     _LATD	set	271
   586  0110                     _LATE	set	272
   587  018C                     _ANSELA	set	396
   588  0190                     _ANSELE	set	400
   589  018F                     _ANSELD	set	399
   590  018D                     _ANSELB	set	397
   591  020D                     _WPUB	set	525
   592  0210                     _WPUE	set	528
   593                           
   594                           ; #config settings
   595  0000                     
   596                           	psect	cinit
   597  07FD                     start_initialization:	
   598  07FD                     __initialization:	
   599  07FD                     end_of_initialization:	
   600                           ;End of C runtime variable initialization code
   601                           
   602  07FD                     __end_of__initialization:	
   603  07FD  0020               	movlb	0
   604  07FE  3187  2FCA         	ljmp	_main	;jump to C main() function
   605                           
   606                           	psect	cstackCOMMON
   607  0000                     __pcstackCOMMON:	
   608  0000                     ?_OSCILLATOR_Initialize:	
   609  0000                     ??_OSCILLATOR_Initialize:	
   610                           ; 1 bytes @ 0x0
   611                           
   612  0000                     ?_WDT_Initialize:	
   613                           ; 1 bytes @ 0x0
   614                           
   615  0000                     ??_WDT_Initialize:	
   616                           ; 1 bytes @ 0x0
   617                           
   618  0000                     ?_PIN_MANAGER_Initialize:	
   619                           ; 1 bytes @ 0x0
   620                           
   621  0000                     ??_PIN_MANAGER_Initialize:	
   622                           ; 1 bytes @ 0x0
   623                           
   624  0000                     ?_SYSTEM_Initialize:	
   625                           ; 1 bytes @ 0x0
   626                           
   627  0000                     ??_SYSTEM_Initialize:	
   628                           ; 1 bytes @ 0x0
   629                           
   630  0000                     ?_main:	
   631                           ; 1 bytes @ 0x0
   632                           
   633  0000                     ??_main:	
   634                           ; 1 bytes @ 0x0
   635                           
   636                           
   637                           	psect	maintext
   638  07CA                     __pmaintext:	
   639                           ; 1 bytes @ 0x0
   640 ;;
   641 ;;Main: autosize = 0, tempsize = 0, incstack = 0, save=0
   642 ;;
   643 ;; *************** function _main *****************
   644 ;; Defined at:
   645 ;;		line 51 in file "main.c"
   646 ;; Parameters:    Size  Location     Type
   647 ;;		None
   648 ;; Auto vars:     Size  Location     Type
   649 ;;		None
   650 ;; Return value:  Size  Location     Type
   651 ;;                  1    wreg      void 
   652 ;; Registers used:
   653 ;;		wreg, status,2, status,0, pclath, cstack
   654 ;; Tracked objects:
   655 ;;		On entry : B1F/0
   656 ;;		On exit  : 0/0
   657 ;;		Unchanged: 0/0
   658 ;; Data sizes:     COMMON   BANK0   BANK1   BANK2   BANK3   BANK4   BANK5   BANK6
   659 ;;      Params:         0       0       0       0       0       0       0       0
   660 ;;      Locals:         0       0       0       0       0       0       0       0
   661 ;;      Temps:          0       0       0       0       0       0       0       0
   662 ;;      Totals:         0       0       0       0       0       0       0       0
   663 ;;Total ram usage:        0 bytes
   664 ;; Hardware stack levels required when called:    2
   665 ;; This function calls:
   666 ;;		_SYSTEM_Initialize
   667 ;; This function is called by:
   668 ;;		Startup code after reset
   669 ;; This function uses a non-reentrant model
   670 ;;
   671                           
   672                           
   673                           ;psect for function _main
   674  07CA                     _main:	
   675                           
   676                           ;main.c: 54: SYSTEM_Initialize();
   677                           
   678                           ;incstack = 0
   679                           ; Regs used in _main: [wreg+status,2+status,0+pclath+cstack]
   680  07CA  3187  27CE  3187   	fcall	_SYSTEM_Initialize
   681  07CD                     l70:	
   682                           ;main.c: 71: while (1)
   683                           
   684                           
   685                           ;main.c: 72: {
   686  07CD  2FCD               	goto	l70
   687  07CE                     __end_of_main:	
   688                           
   689                           	psect	text1
   690  07CE                     __ptext1:	
   691 ;; *************** function _SYSTEM_Initialize *****************
   692 ;; Defined at:
   693 ;;		line 70 in file "mcc_generated_files/mcc.c"
   694 ;; Parameters:    Size  Location     Type
   695 ;;		None
   696 ;; Auto vars:     Size  Location     Type
   697 ;;		None
   698 ;; Return value:  Size  Location     Type
   699 ;;                  1    wreg      void 
   700 ;; Registers used:
   701 ;;		wreg, status,2, status,0, pclath, cstack
   702 ;; Tracked objects:
   703 ;;		On entry : 0/0
   704 ;;		On exit  : 0/0
   705 ;;		Unchanged: 0/0
   706 ;; Data sizes:     COMMON   BANK0   BANK1   BANK2   BANK3   BANK4   BANK5   BANK6
   707 ;;      Params:         0       0       0       0       0       0       0       0
   708 ;;      Locals:         0       0       0       0       0       0       0       0
   709 ;;      Temps:          0       0       0       0       0       0       0       0
   710 ;;      Totals:         0       0       0       0       0       0       0       0
   711 ;;Total ram usage:        0 bytes
   712 ;; Hardware stack levels used:    1
   713 ;; Hardware stack levels required when called:    1
   714 ;; This function calls:
   715 ;;		_OSCILLATOR_Initialize
   716 ;;		_PIN_MANAGER_Initialize
   717 ;;		_WDT_Initialize
   718 ;; This function is called by:
   719 ;;		_main
   720 ;; This function uses a non-reentrant model
   721 ;;
   722                           
   723                           
   724                           ;psect for function _SYSTEM_Initialize
   725  07CE                     _SYSTEM_Initialize:	
   726                           
   727                           ;mcc.c: 73: PIN_MANAGER_Initialize();
   728                           
   729                           ;incstack = 0
   730                           ; Regs used in _SYSTEM_Initialize: [wreg+status,2+status,0+pclath+cstack]
   731  07CE  3187  27D7  3187   	fcall	_PIN_MANAGER_Initialize
   732                           
   733                           ;mcc.c: 74: OSCILLATOR_Initialize();
   734  07D1  3187  27C2  3187   	fcall	_OSCILLATOR_Initialize
   735                           
   736                           ;mcc.c: 75: WDT_Initialize();
   737  07D4  3187  27C6         	fcall	_WDT_Initialize
   738  07D6  0008               	return
   739  07D7                     __end_of_SYSTEM_Initialize:	
   740                           
   741                           	psect	text2
   742  07C6                     __ptext2:	
   743 ;; *************** function _WDT_Initialize *****************
   744 ;; Defined at:
   745 ;;		line 86 in file "mcc_generated_files/mcc.c"
   746 ;; Parameters:    Size  Location     Type
   747 ;;		None
   748 ;; Auto vars:     Size  Location     Type
   749 ;;		None
   750 ;; Return value:  Size  Location     Type
   751 ;;                  1    wreg      void 
   752 ;; Registers used:
   753 ;;		wreg
   754 ;; Tracked objects:
   755 ;;		On entry : 0/0
   756 ;;		On exit  : 0/0
   757 ;;		Unchanged: 0/0
   758 ;; Data sizes:     COMMON   BANK0   BANK1   BANK2   BANK3   BANK4   BANK5   BANK6
   759 ;;      Params:         0       0       0       0       0       0       0       0
   760 ;;      Locals:         0       0       0       0       0       0       0       0
   761 ;;      Temps:          0       0       0       0       0       0       0       0
   762 ;;      Totals:         0       0       0       0       0       0       0       0
   763 ;;Total ram usage:        0 bytes
   764 ;; Hardware stack levels used:    1
   765 ;; This function calls:
   766 ;;		Nothing
   767 ;; This function is called by:
   768 ;;		_SYSTEM_Initialize
   769 ;; This function uses a non-reentrant model
   770 ;;
   771                           
   772                           
   773                           ;psect for function _WDT_Initialize
   774  07C6                     _WDT_Initialize:	
   775                           
   776                           ;mcc.c: 89: WDTCON = 0x16;
   777                           
   778                           ;incstack = 0
   779                           ; Regs used in _WDT_Initialize: [wreg]
   780  07C6  3016               	movlw	22
   781  07C7  0021               	movlb	1	; select bank1
   782  07C8  0097               	movwf	23	;volatile
   783  07C9  0008               	return
   784  07CA                     __end_of_WDT_Initialize:	
   785                           
   786                           	psect	text3
   787  07D7                     __ptext3:	
   788 ;; *************** function _PIN_MANAGER_Initialize *****************
   789 ;; Defined at:
   790 ;;		line 52 in file "mcc_generated_files/pin_manager.c"
   791 ;; Parameters:    Size  Location     Type
   792 ;;		None
   793 ;; Auto vars:     Size  Location     Type
   794 ;;		None
   795 ;; Return value:  Size  Location     Type
   796 ;;                  1    wreg      void 
   797 ;; Registers used:
   798 ;;		wreg, status,2
   799 ;; Tracked objects:
   800 ;;		On entry : 0/0
   801 ;;		On exit  : 0/0
   802 ;;		Unchanged: 0/0
   803 ;; Data sizes:     COMMON   BANK0   BANK1   BANK2   BANK3   BANK4   BANK5   BANK6
   804 ;;      Params:         0       0       0       0       0       0       0       0
   805 ;;      Locals:         0       0       0       0       0       0       0       0
   806 ;;      Temps:          0       0       0       0       0       0       0       0
   807 ;;      Totals:         0       0       0       0       0       0       0       0
   808 ;;Total ram usage:        0 bytes
   809 ;; Hardware stack levels used:    1
   810 ;; This function calls:
   811 ;;		Nothing
   812 ;; This function is called by:
   813 ;;		_SYSTEM_Initialize
   814 ;; This function uses a non-reentrant model
   815 ;;
   816                           
   817                           
   818                           ;psect for function _PIN_MANAGER_Initialize
   819  07D7                     _PIN_MANAGER_Initialize:	
   820                           
   821                           ;pin_manager.c: 57: LATE = 0x02;
   822                           
   823                           ;incstack = 0
   824                           ; Regs used in _PIN_MANAGER_Initialize: [wreg+status,2]
   825  07D7  3002               	movlw	2
   826  07D8  0022               	movlb	2	; select bank2
   827  07D9  0090               	movwf	16	;volatile
   828                           
   829                           ;pin_manager.c: 58: LATD = 0x00;
   830  07DA  018F               	clrf	15	;volatile
   831                           
   832                           ;pin_manager.c: 59: LATA = 0x00;
   833  07DB  018C               	clrf	12	;volatile
   834                           
   835                           ;pin_manager.c: 60: LATB = 0x00;
   836  07DC  018D               	clrf	13	;volatile
   837                           
   838                           ;pin_manager.c: 61: LATC = 0x08;
   839  07DD  3008               	movlw	8
   840  07DE  008E               	movwf	14	;volatile
   841                           
   842                           ;pin_manager.c: 66: TRISE = 0x0D;
   843  07DF  300D               	movlw	13
   844  07E0  0021               	movlb	1	; select bank1
   845  07E1  0090               	movwf	16	;volatile
   846                           
   847                           ;pin_manager.c: 67: TRISA = 0xFF;
   848  07E2  30FF               	movlw	255
   849  07E3  008C               	movwf	12	;volatile
   850                           
   851                           ;pin_manager.c: 68: TRISB = 0xFF;
   852  07E4  30FF               	movlw	255
   853  07E5  008D               	movwf	13	;volatile
   854                           
   855                           ;pin_manager.c: 69: TRISC = 0xF7;
   856  07E6  30F7               	movlw	247
   857  07E7  008E               	movwf	14	;volatile
   858                           
   859                           ;pin_manager.c: 70: TRISD = 0xFF;
   860  07E8  30FF               	movlw	255
   861  07E9  008F               	movwf	15	;volatile
   862                           
   863                           ;pin_manager.c: 75: ANSELB = 0x3F;
   864  07EA  303F               	movlw	63
   865  07EB  0023               	movlb	3	; select bank3
   866  07EC  008D               	movwf	13	;volatile
   867                           
   868                           ;pin_manager.c: 76: ANSELD = 0xFF;
   869  07ED  30FF               	movlw	255
   870  07EE  008F               	movwf	15	;volatile
   871                           
   872                           ;pin_manager.c: 77: ANSELE = 0x05;
   873  07EF  3005               	movlw	5
   874  07F0  0090               	movwf	16	;volatile
   875                           
   876                           ;pin_manager.c: 78: ANSELA = 0x3F;
   877  07F1  303F               	movlw	63
   878  07F2  008C               	movwf	12	;volatile
   879                           
   880                           ;pin_manager.c: 83: WPUE = 0x08;
   881  07F3  3008               	movlw	8
   882  07F4  0024               	movlb	4	; select bank4
   883  07F5  0090               	movwf	16	;volatile
   884                           
   885                           ;pin_manager.c: 84: WPUB = 0xFF;
   886  07F6  30FF               	movlw	255
   887  07F7  008D               	movwf	13	;volatile
   888                           
   889                           ;pin_manager.c: 85: OPTION_REGbits.nWPUEN = 0;
   890  07F8  0021               	movlb	1	; select bank1
   891  07F9  1395               	bcf	21,7	;volatile
   892                           
   893                           ;pin_manager.c: 91: APFCON = 0x00;
   894  07FA  0022               	movlb	2	; select bank2
   895  07FB  019D               	clrf	29	;volatile
   896  07FC  0008               	return
   897  07FD                     __end_of_PIN_MANAGER_Initialize:	
   898                           
   899                           	psect	text4
   900  07C2                     __ptext4:	
   901 ;; *************** function _OSCILLATOR_Initialize *****************
   902 ;; Defined at:
   903 ;;		line 78 in file "mcc_generated_files/mcc.c"
   904 ;; Parameters:    Size  Location     Type
   905 ;;		None
   906 ;; Auto vars:     Size  Location     Type
   907 ;;		None
   908 ;; Return value:  Size  Location     Type
   909 ;;                  1    wreg      void 
   910 ;; Registers used:
   911 ;;		status,2
   912 ;; Tracked objects:
   913 ;;		On entry : 0/0
   914 ;;		On exit  : 0/0
   915 ;;		Unchanged: 0/0
   916 ;; Data sizes:     COMMON   BANK0   BANK1   BANK2   BANK3   BANK4   BANK5   BANK6
   917 ;;      Params:         0       0       0       0       0       0       0       0
   918 ;;      Locals:         0       0       0       0       0       0       0       0
   919 ;;      Temps:          0       0       0       0       0       0       0       0
   920 ;;      Totals:         0       0       0       0       0       0       0       0
   921 ;;Total ram usage:        0 bytes
   922 ;; Hardware stack levels used:    1
   923 ;; This function calls:
   924 ;;		Nothing
   925 ;; This function is called by:
   926 ;;		_SYSTEM_Initialize
   927 ;; This function uses a non-reentrant model
   928 ;;
   929                           
   930                           
   931                           ;psect for function _OSCILLATOR_Initialize
   932  07C2                     _OSCILLATOR_Initialize:	
   933                           
   934                           ;mcc.c: 81: OSCCON = 0x00;
   935                           
   936                           ;incstack = 0
   937                           ; Regs used in _OSCILLATOR_Initialize: [status,2]
   938  07C2  0021               	movlb	1	; select bank1
   939  07C3  0199               	clrf	25	;volatile
   940                           
   941                           ;mcc.c: 83: OSCTUNE = 0x00;
   942  07C4  0198               	clrf	24	;volatile
   943  07C5  0008               	return
   944  07C6                     __end_of_OSCILLATOR_Initialize:	
   945  007E                     btemp	set	126	;btemp
   946  007E                     wtemp0	set	126


Data Sizes:
    Strings     0
    Constant    0
    Data        0
    BSS         0
    Persistent  0
    Stack       0

Auto Spaces:
    Space          Size  Autos    Used
    COMMON           14      0       0
    BANK0            80      0       0
    BANK1            80      0       0
    BANK2            80      0       0
    BANK3            80      0       0
    BANK4            80      0       0
    BANK5            80      0       0
    BANK6            16      0       0

Pointer List with Targets:

    None.

Critical Paths under _main in COMMON

    None.

Critical Paths under _main in BANK0

    None.

Critical Paths under _main in BANK1

    None.

Critical Paths under _main in BANK2

    None.

Critical Paths under _main in BANK3

    None.

Critical Paths under _main in BANK4

    None.

Critical Paths under _main in BANK5

    None.

Critical Paths under _main in BANK6

    None.

Call Graph Tables:

 ---------------------------------------------------------------------------------
 (Depth) Function   	        Calls       Base Space   Used Autos Params    Refs
 ---------------------------------------------------------------------------------
 (0) _main                                                 0     0      0       0
                  _SYSTEM_Initialize
 ---------------------------------------------------------------------------------
 (1) _SYSTEM_Initialize                                    0     0      0       0
              _OSCILLATOR_Initialize
             _PIN_MANAGER_Initialize
                     _WDT_Initialize
 ---------------------------------------------------------------------------------
 (2) _WDT_Initialize                                       0     0      0       0
 ---------------------------------------------------------------------------------
 (2) _PIN_MANAGER_Initialize                               0     0      0       0
 ---------------------------------------------------------------------------------
 (2) _OSCILLATOR_Initialize                                0     0      0       0
 ---------------------------------------------------------------------------------
 Estimated maximum stack depth 2
 ---------------------------------------------------------------------------------

 Call Graph Graphs:

 _main (ROOT)
   _SYSTEM_Initialize
     _OSCILLATOR_Initialize
     _PIN_MANAGER_Initialize
     _WDT_Initialize

 Address spaces:
Name               Size   Autos  Total    Cost      Usage
BIGRAM             1F0      0       0       0        0.0%
EEDATA             100      0       0       0        0.0%
NULL                 0      0       0       0        0.0%
CODE                 0      0       0       0        0.0%
BITCOMMON            E      0       0       1        0.0%
BITSFR0              0      0       0       1        0.0%
SFR0                 0      0       0       1        0.0%
COMMON               E      0       0       2        0.0%
BITSFR1              0      0       0       2        0.0%
SFR1                 0      0       0       2        0.0%
BITSFR2              0      0       0       3        0.0%
SFR2                 0      0       0       3        0.0%
STACK                0      0       0       3        0.0%
BITSFR3              0      0       0       4        0.0%
SFR3                 0      0       0       4        0.0%
ABS                  0      0       0       4        0.0%
BITBANK0            50      0       0       5        0.0%
BITSFR4              0      0       0       5        0.0%
SFR4                 0      0       0       5        0.0%
BANK0               50      0       0       6        0.0%
BITSFR5              0      0       0       6        0.0%
SFR5                 0      0       0       6        0.0%
BITBANK1            50      0       0       7        0.0%
BITSFR6              0      0       0       7        0.0%
SFR6                 0      0       0       7        0.0%
BANK1               50      0       0       8        0.0%
BITSFR7              0      0       0       8        0.0%
SFR7                 0      0       0       8        0.0%
BITBANK2            50      0       0       9        0.0%
BITSFR8              0      0       0       9        0.0%
SFR8                 0      0       0       9        0.0%
BANK2               50      0       0      10        0.0%
BITSFR9              0      0       0      10        0.0%
SFR9                 0      0       0      10        0.0%
BITBANK3            50      0       0      11        0.0%
BITSFR10             0      0       0      11        0.0%
SFR10                0      0       0      11        0.0%
BANK3               50      0       0      12        0.0%
BITSFR11             0      0       0      12        0.0%
SFR11                0      0       0      12        0.0%
BITBANK4            50      0       0      13        0.0%
BITSFR12             0      0       0      13        0.0%
SFR12                0      0       0      13        0.0%
BANK4               50      0       0      14        0.0%
BITSFR13             0      0       0      14        0.0%
SFR13                0      0       0      14        0.0%
BITBANK5            50      0       0      15        0.0%
BITSFR14             0      0       0      15        0.0%
SFR14                0      0       0      15        0.0%
BANK5               50      0       0      16        0.0%
BITSFR15             0      0       0      16        0.0%
SFR15                0      0       0      16        0.0%
BITBANK6            10      0       0      17        0.0%
BITSFR16             0      0       0      17        0.0%
SFR16                0      0       0      17        0.0%
BANK6               10      0       0      18        0.0%
BITSFR17             0      0       0      18        0.0%
SFR17                0      0       0      18        0.0%
BITSFR18             0      0       0      19        0.0%
SFR18                0      0       0      19        0.0%
DATA                 0      0       0      19        0.0%
BITSFR19             0      0       0      20        0.0%
SFR19                0      0       0      20        0.0%
BITSFR20             0      0       0      21        0.0%
SFR20                0      0       0      21        0.0%
BITSFR21             0      0       0      22        0.0%
SFR21                0      0       0      22        0.0%
BITSFR22             0      0       0      23        0.0%
SFR22                0      0       0      23        0.0%
BITSFR23             0      0       0      24        0.0%
SFR23                0      0       0      24        0.0%
BITSFR24             0      0       0      25        0.0%
SFR24                0      0       0      25        0.0%
BITSFR25             0      0       0      26        0.0%
SFR25                0      0       0      26        0.0%
BITSFR26             0      0       0      27        0.0%
SFR26                0      0       0      27        0.0%
BITSFR27             0      0       0      28        0.0%
SFR27                0      0       0      28        0.0%
BITSFR28             0      0       0      29        0.0%
SFR28                0      0       0      29        0.0%
BITSFR29             0      0       0      30        0.0%
SFR29                0      0       0      30        0.0%
BITSFR30             0      0       0      31        0.0%
SFR30                0      0       0      31        0.0%
BITSFR31             0      0       0      32        0.0%
SFR31                0      0       0      32        0.0%


Microchip Technology PIC Macro Assembler V1.44 build -154322312 
Symbol Table                                                                                   Tue Nov 28 21:42:01 2017

                    __CFG_CP$OFF 0000                               l70 07CD                      __CFG_LVP$ON 0000  
                   __CFG_CPD$OFF 0000                     __CFG_BORV$LO 0000                     __CFG_IESO$ON 0000  
                           _LATA 010C                             _LATB 010D                             _LATC 010E  
                           _LATD 010F                             _LATE 0110                             _WPUB 020D  
                           _WPUE 0210                     __CFG_WRT$OFF 0000                    __CFG_FCMEN$ON 0000  
                           _main 07CA                             btemp 007E                    __CFG_BOREN$ON 0000  
                           start 0002                    __CFG_MCLRE$ON 0000   __size_of_OSCILLATOR_Initialize 0004  
  __end_of_OSCILLATOR_Initialize 07C6                            ?_main 0000                    __CFG_WDTE$OFF 0000  
                          _TRISA 008C                            _TRISB 008D                            _TRISC 008E  
                          _TRISD 008F                            _TRISE 0090                   _WDT_Initialize 07C6  
                          wtemp0 007E                  __initialization 07FD                     __end_of_main 07CE  
                         ??_main 0000                   __CFG_PLLEN$OFF 0000           __end_of_WDT_Initialize 07CA  
                         _APFCON 011D                           _ANSELA 018C                           _ANSELB 018D  
                         _ANSELD 018F                           _ANSELE 0190                           _OSCCON 0099  
                         _WDTCON 0097                   __CFG_PWRTE$OFF 0000                   __CFG_STVREN$ON 0000  
                ?_WDT_Initialize 0000                _SYSTEM_Initialize 07CE          __end_of__initialization 07FD  
             ?_SYSTEM_Initialize 0000                   __pcstackCOMMON 0000              ??_SYSTEM_Initialize 0000  
                 _OPTION_REGbits 0095        __end_of_SYSTEM_Initialize 07D7                  __CFG_VCAPEN$OFF 0000  
                     __pmaintext 07CA                          _OSCTUNE 0098                          __ptext1 07CE  
                        __ptext2 07C6                          __ptext3 07D7                          __ptext4 07C2  
          _OSCILLATOR_Initialize 07C2         ??_PIN_MANAGER_Initialize 0000       __size_of_SYSTEM_Initialize 0009  
           end_of_initialization 07FD                 ??_WDT_Initialize 0000                 __CFG_FOSC$INTOSC 0000  
         ?_OSCILLATOR_Initialize 0000              start_initialization 07FD  __size_of_PIN_MANAGER_Initialize 0026  
                      ___latbits 0002           _PIN_MANAGER_Initialize 07D7          ??_OSCILLATOR_Initialize 0000  
                  __size_of_main 0004          __size_of_WDT_Initialize 0004          ?_PIN_MANAGER_Initialize 0000  
              __CFG_CLKOUTEN$OFF 0000   __end_of_PIN_MANAGER_Initialize 07FD  
