Copyright 1986-2015 Xilinx, Inc. All Rights Reserved.
---------------------------------------------------------------------------------------------
| Tool Version      : Vivado v.2015.2 (win64) Build 1266856 Fri Jun 26 16:35:25 MDT 2015
<<<<<<< HEAD
| Date              : Tue Jun 26 08:38:06 2018
=======
| Date              : Tue Jun 19 09:31:29 2018
>>>>>>> e8da86e9cd176b9e2736abcff44beaa767b934a1
| Host              : DSK-G433-P09W7 running 64-bit Service Pack 1  (build 7601)
| Command           : report_clock_utilization -file Digitaluhr_clock_utilization_routed.rpt
| Design            : Digitaluhr
| Device            : 7z020-clg484
| Speed File        : -1  PRODUCTION 1.11 2014-09-11
| Temperature Grade : C
---------------------------------------------------------------------------------------------

Clock Utilization Report

Table of Contents
-----------------
1. Clock Primitive Utilization
2. Details of Global Clocks
3. Details of Regional Clocks
4. Details of Multi-Regional Clocks
5. Details of I/O Clocks
6. Details of Local Clocks
7. Clock Regions : Key Resource Utilization
8. Net wise resources used in clock region X0Y0

1. Clock Primitive Utilization
------------------------------

+-------+------+-----------+-----------+
| Type  | Used | Available | Num Fixed |
+-------+------+-----------+-----------+
| BUFG  |    1 |        32 |         0 |
| BUFH  |    0 |        72 |         0 |
| BUFIO |    0 |        16 |         0 |
| MMCM  |    0 |         4 |         0 |
| PLL   |    0 |         4 |         0 |
| BUFR  |    0 |        16 |         0 |
| BUFMR |    0 |         8 |         0 |
+-------+------+-----------+-----------+


2. Details of Global Clocks
---------------------------

+-------+----------------------+-----------------+--------------+-------+
|       |                      |                 |   Num Loads  |       |
+-------+----------------------+-----------------+------+-------+-------+
| Index | BUFG Cell            | Net Name        | BELs | Sites | Fixed |
+-------+----------------------+-----------------+------+-------+-------+
<<<<<<< HEAD
|     1 | Clock_IBUF_BUFG_inst | Clock_IBUF_BUFG |  103 |    29 |    no |
=======
|     1 | Clock_IBUF_BUFG_inst | Clock_IBUF_BUFG |  101 |    28 |    no |
>>>>>>> e8da86e9cd176b9e2736abcff44beaa767b934a1
+-------+----------------------+-----------------+------+-------+-------+


3. Details of Regional Clocks
-----------------------------

4. Details of Multi-Regional Clocks
-----------------------------------

5. Details of I/O Clocks
------------------------

6. Details of Local Clocks
--------------------------

7. Clock Regions : Key Resource Utilization
-------------------------------------------

+-------------------+--------------+--------------+--------------+--------------+--------------+--------------+--------------+--------------+--------------+--------------+--------------+--------------+--------------+--------------+--------------+
|                   | Global Clock |     BUFRs    |    BUFMRs    |    BUFIOs    |     MMCM     |      PLL     |      GT      |      PCI     |    ILOGIC    |    OLOGIC    |      FF      |     LUTM     |    RAMB18    |    RAMB36    |    DSP48E1   |
+-------------------+------+-------+------+-------+------+-------+------+-------+------+-------+------+-------+------+-------+------+-------+------+-------+------+-------+------+-------+------+-------+------+-------+------+-------+------+-------+
| Clock Region Name | Used | Avail | Used | Avail | Used | Avail | Used | Avail | Used | Avail | Used | Avail | Used | Avail | Used | Avail | Used | Avail | Used | Avail | Used | Avail | Used | Avail | Used | Avail | Used | Avail | Used | Avail |
+-------------------+------+-------+------+-------+------+-------+------+-------+------+-------+------+-------+------+-------+------+-------+------+-------+------+-------+------+-------+------+-------+------+-------+------+-------+------+-------+
<<<<<<< HEAD
| X0Y0              |    1 |    12 |    0 |     4 |    0 |     2 |    0 |     4 |    0 |     1 |    0 |     1 |    0 |     0 |    0 |     0 |    0 |    50 |    0 |    50 |  103 | 20000 |    0 |  4000 |    0 |    60 |    0 |    30 |    0 |    60 |
=======
| X0Y0              |    1 |    12 |    0 |     4 |    0 |     2 |    0 |     4 |    0 |     1 |    0 |     1 |    0 |     0 |    0 |     0 |    0 |    50 |    0 |    50 |  101 | 20000 |    0 |  4000 |    0 |    60 |    0 |    30 |    0 |    60 |
>>>>>>> e8da86e9cd176b9e2736abcff44beaa767b934a1
| X1Y0              |    0 |    12 |    0 |     4 |    0 |     2 |    0 |     4 |    0 |     1 |    0 |     1 |    0 |     0 |    0 |     0 |    0 |    50 |    0 |    50 |    0 | 25600 |    0 |  3400 |    0 |    60 |    0 |    30 |    0 |    40 |
| X0Y1              |    0 |    12 |    0 |     0 |    0 |     0 |    0 |     0 |    0 |     0 |    0 |     0 |    0 |     0 |    0 |     0 |    0 |     0 |    0 |     0 |    0 |  9600 |    0 |  1600 |    0 |    20 |    0 |    10 |    0 |    20 |
| X1Y1              |    0 |    12 |    0 |     4 |    0 |     2 |    0 |     4 |    0 |     1 |    0 |     1 |    0 |     0 |    0 |     0 |    0 |    50 |    0 |    50 |    0 | 20800 |    0 |  3400 |    0 |    60 |    0 |    30 |    0 |    40 |
| X0Y2              |    0 |    12 |    0 |     0 |    0 |     0 |    0 |     0 |    0 |     0 |    0 |     0 |    0 |     0 |    0 |     0 |    0 |     0 |    0 |     0 |    0 |  9600 |    0 |  1600 |    0 |    20 |    0 |    10 |    0 |    20 |
| X1Y2              |    0 |    12 |    0 |     4 |    0 |     2 |    0 |     4 |    0 |     1 |    0 |     1 |    0 |     0 |    0 |     0 |    0 |    50 |    0 |    50 |    0 | 20800 |    0 |  3400 |    0 |    60 |    0 |    30 |    0 |    40 |
+-------------------+------+-------+------+-------+------+-------+------+-------+------+-------+------+-------+------+-------+------+-------+------+-------+------+-------+------+-------+------+-------+------+-------+------+-------+------+-------+
* RAMB36 site can be used as two RAMB18/FIFO18 sites.


8. Net wise resources used in clock region X0Y0
-----------------------------------------------

+-------------+-------------+-------+-----------+----------+---------+-----------+---------+---------+-----+-------+----------+-----------------+
| Source Type | BUFHCE Site | Fixed | MMCM Pins | PLL Pins | GT Pins | BRAM Pins | ILOGICs | OLOGICs | FFs | LUTMs | DSP48E1s |  Clock Net Name |
+-------------+-------------+-------+-----------+----------+---------+-----------+---------+---------+-----+-------+----------+-----------------+
<<<<<<< HEAD
| BUFG        | BUFHCE_X0Y8 |   no  |         0 |        0 |       0 |         0 |       0 |       0 | 103 |     0 |        0 | Clock_IBUF_BUFG |
=======
| BUFG        | BUFHCE_X0Y8 |   no  |         0 |        0 |       0 |         0 |       0 |       0 | 101 |     0 |        0 | Clock_IBUF_BUFG |
>>>>>>> e8da86e9cd176b9e2736abcff44beaa767b934a1
+-------------+-------------+-------+-----------+----------+---------+-----------+---------+---------+-----+-------+----------+-----------------+



# Location of BUFG Primitives 
set_property LOC BUFGCTRL_X0Y0 [get_cells Clock_IBUF_BUFG_inst]

# Location of IO Clock Primitives

# Location of MMCM Clock Primitives

# Location of BUFH Clock Primitives

# Location of BUFR Clock Primitives

# Location of BUFMR Clock Primitives

# Location of PLL Clock Primitives

# Location of IO Primitives which is load of clock spine

# Location of clock ports
set_property LOC IOB_X0Y26 [get_ports Clock]

# Clock net "Clock_IBUF_BUFG" driven by instance "Clock_IBUF_BUFG_inst" located at site "BUFGCTRL_X0Y0"
#startgroup
create_pblock {CLKAG_Clock_IBUF_BUFG}
add_cells_to_pblock [get_pblocks  {CLKAG_Clock_IBUF_BUFG}] [get_cells -filter { PRIMITIVE_GROUP != I/O && IS_PRIMITIVE==1 && PRIMITIVE_LEVEL !=INTERNAL } -of_object [get_pins -filter {DIRECTION==IN} -of_objects [get_nets -hierarchical -filter {PARENT=="Clock_IBUF_BUFG"}]]]
resize_pblock [get_pblocks {CLKAG_Clock_IBUF_BUFG}] -add {CLOCKREGION_X0Y0:CLOCKREGION_X0Y0}
#endgroup
